2026-06-17 10:34:16 [INFO] 生成完成：共 120917 条鱼，总重量 10000067g
2026-06-17 10:34:16 [INFO] 选中的连续规格: ['100p', '110p', '120p', '130p', '140p', '150p']
2026-06-17 10:34:16 [INFO] 
========== 总数据统计 ==========
2026-06-17 10:34:26 [INFO] 超时窗口: 6s
2026-06-17 10:34:29 [INFO] 超时窗口分布: 240s=40424, 300s=22313, 360s=9412, 420s=2546, 480s=325, 540s=19, 600s=0
2026-06-17 10:34:29 [INFO] 生成鱼数量: 120917
2026-06-17 10:34:29 [INFO] 生成总重量: 10000067g
2026-06-17 10:34:29 [INFO] 分拣到其他队列: 775
2026-06-17 10:34:29 [INFO] 低规格缓存格个数: 180
2026-06-17 10:34:29 [INFO] 盒子数量: 6
2026-06-17 10:34:29 [INFO] 算法异常到其他队列: 0
2026-06-17 10:34:29 [INFO] 完成箱总数: 1961
2026-06-17 10:34:29 [INFO] 低规格完成箱: 0
2026-06-17 10:34:29 [INFO] 高规格完成箱: 1961
2026-06-17 10:34:29 [INFO] 未完成盒数量: 7
2026-06-17 10:34:29 [INFO] 未完成盒鱼条数: 169
2026-06-17 10:34:29 [INFO] 回流鱼总数: 0
2026-06-17 10:34:29 [INFO] 低规格成功回流鱼: 0
2026-06-17 10:34:29 [INFO] 高规格成功回流鱼: 0
2026-06-17 10:34:29 [INFO] 超过释放次数进入未完成鱼: 0
2026-06-17 10:34:29 [INFO] 超时未完成记录: 0
2026-06-17 10:34:29 [INFO] 回流插入位置统计: 25=0, 35=0, 50=0
2026-06-17 10:34:29 [INFO] 
========== 规格统计 ==========
2026-06-17 10:34:29 [INFO] 100p: 算法接收=19789, 完成箱=399, 完成鱼=19784, 未完成盒=1, 未完成盒鱼=5, 成功回流鱼=0, 超限鱼=0, 超时鱼=0, 超时240s鱼=3805, 超时300s鱼=938, 超时360s鱼=91, 超时420s鱼=1, 超时480s鱼=0, 超时540s鱼=0, 超时600s鱼=0, 结果队列=399, 未完成队列=1, 超时队列=4835
2026-06-17 10:34:29 [INFO] 110p: 算法接收=19952, 完成箱=364, 完成鱼=19943, 未完成盒=1, 未完成盒鱼=9, 成功回流鱼=0, 超限鱼=0, 超时鱼=0, 超时240s鱼=5241, 超时300s鱼=1899, 超时360s鱼=268, 超时420s鱼=18, 超时480s鱼=0, 超时540s鱼=0, 超时600s鱼=0, 结果队列=364, 未完成队列=1, 超时队列=7426
2026-06-17 10:34:29 [INFO] 120p: 算法接收=20148, 完成箱=335, 完成鱼=20101, 未完成盒=2, 未完成盒鱼=47, 成功回流鱼=0, 超限鱼=0, 超时鱼=0, 超时240s鱼=6343, 超时300s鱼=3069, 超时360s鱼=818, 超时420s鱼=70, 超时480s鱼=0, 超时540s鱼=0, 超时600s鱼=0, 结果队列=335, 未完成队列=2, 超时队列=10300
2026-06-17 10:34:29 [INFO] 130p: 算法接收=20030, 完成箱=308, 完成鱼=20017, 未完成盒=1, 未完成盒鱼=13, 成功回流鱼=0, 超限鱼=0, 超时鱼=0, 超时240s鱼=7483, 超时300s鱼=4431, 超时360s鱼=1718, 超时420s鱼=263, 超时480s鱼=16, 超时540s鱼=3, 超时600s鱼=0, 结果队列=308, 未完成队列=1, 超时队列=13914
2026-06-17 10:34:29 [INFO] 140p: 算法接收=20132, 完成箱=287, 完成鱼=20089, 未完成盒=1, 未完成盒鱼=43, 成功回流鱼=0, 超限鱼=0, 超时鱼=0, 超时240s鱼=8356, 超时300s鱼=5485, 超时360s鱼=2744, 超时420s鱼=763, 超时480s鱼=95, 超时540s鱼=4, 超时600s鱼=0, 结果队列=287, 未完成队列=1, 超时队列=17447
2026-06-17 10:34:29 [INFO] 150p: 算法接收=20091, 完成箱=268, 完成鱼=20039, 未完成盒=1, 未完成盒鱼=52, 成功回流鱼=0, 超限鱼=0, 超时鱼=0, 超时240s鱼=9196, 超时300s鱼=6491, 超时360s鱼=3773, 超时420s鱼=1431, 超时480s鱼=214, 超时540s鱼=12, 超时600s鱼=0, 结果队列=268, 未完成队列=1, 超时队列=21117
2026-06-17 10:35:49 [INFO] 生成完成：共 120901 条鱼，总重量 10000041g
2026-06-17 10:35:49 [INFO] 选中的连续规格: ['100p', '110p', '120p', '130p', '140p', '150p']
2026-06-17 10:35:49 [INFO] 
========== 总数据统计 ==========
2026-06-17 10:35:49 [INFO] 超时窗口: 6s
2026-06-17 10:35:49 [INFO] 超时窗口分布: 240s=40183, 300s=22175, 360s=9329, 420s=2523, 480s=392, 540s=22, 600s=0
2026-06-17 10:35:49 [INFO] 生成鱼数量: 120901
2026-06-17 10:35:49 [INFO] 生成总重量: 10000041g
2026-06-17 10:35:49 [INFO] 分拣到其他队列: 774
2026-06-17 10:35:49 [INFO] 低规格缓存格个数: 180
2026-06-17 10:35:49 [INFO] 盒子数量: 6
2026-06-17 10:35:49 [INFO] 算法异常到其他队列: 0
2026-06-17 10:35:49 [INFO] 完成箱总数: 1961
2026-06-17 10:35:49 [INFO] 低规格完成箱: 0
2026-06-17 10:35:49 [INFO] 高规格完成箱: 1961
2026-06-17 10:35:49 [INFO] 未完成盒数量: 8
2026-06-17 10:35:49 [INFO] 未完成盒鱼条数: 178
2026-06-17 10:35:49 [INFO] 回流鱼总数: 0
2026-06-17 10:35:49 [INFO] 低规格成功回流鱼: 0
2026-06-17 10:35:49 [INFO] 高规格成功回流鱼: 0
2026-06-17 10:35:49 [INFO] 超过释放次数进入未完成鱼: 0
2026-06-17 10:35:49 [INFO] 超时未完成记录: 0
2026-06-17 10:35:49 [INFO] 回流插入位置统计: 25=0, 35=0, 50=0
2026-06-17 10:35:49 [INFO] 
========== 规格统计 ==========
2026-06-17 10:35:49 [INFO] 100p: 算法接收=20162, 完成箱=406, 完成鱼=20121, 未完成盒=2, 未完成盒鱼=41, 成功回流鱼=0, 超限鱼=0, 超时鱼=0, 超时240s鱼=3527, 超时300s鱼=674, 超时360s鱼=37, 超时420s鱼=0, 超时480s鱼=0, 超时540s鱼=0, 超时600s鱼=0, 结果队列=406, 未完成队列=2, 超时队列=4238
2026-06-17 10:35:49 [INFO] 110p: 算法接收=19629, 完成箱=357, 完成鱼=19575, 未完成盒=2, 未完成盒鱼=54, 成功回流鱼=0, 超限鱼=0, 超时鱼=0, 超时240s鱼=5295, 超时300s鱼=2013, 超时360s鱼=391, 超时420s鱼=34, 超时480s鱼=0, 超时540s鱼=0, 超时600s鱼=0, 结果队列=357, 未完成队列=2, 超时队列=7733
2026-06-17 10:35:49 [INFO] 120p: 算法接收=20054, 完成箱=334, 完成鱼=20040, 未完成盒=1, 未完成盒鱼=14, 成功回流鱼=0, 超限鱼=0, 超时鱼=0, 超时240s鱼=6510, 超时300s鱼=3197, 超时360s鱼=803, 超时420s鱼=71, 超时480s鱼=0, 超时540s鱼=0, 超时600s鱼=0, 结果队列=334, 未完成队列=1, 超时队列=10581
2026-06-17 10:35:49 [INFO] 130p: 算法接收=20191, 完成箱=310, 完成鱼=20146, 未完成盒=1, 未完成盒鱼=45, 成功回流鱼=0, 超限鱼=0, 超时鱼=0, 超时240s鱼=7457, 超时300s鱼=4356, 超时360s鱼=1625, 超时420s鱼=268, 超时480s鱼=13, 超时540s鱼=0, 超时600s鱼=0, 结果队列=310, 未完成队列=1, 超时队列=13719
2026-06-17 10:35:49 [INFO] 140p: 算法接收=20022, 完成箱=286, 完成鱼=20019, 未完成盒=1, 未完成盒鱼=3, 成功回流鱼=0, 超限鱼=0, 超时鱼=0, 超时240s鱼=8351, 超时300s鱼=5477, 超时360s鱼=2717, 超时420s鱼=716, 超时480s鱼=94, 超时540s鱼=8, 超时600s鱼=0, 结果队列=286, 未完成队列=1, 超时队列=17363
2026-06-17 10:35:49 [INFO] 150p: 算法接收=20069, 完成箱=268, 完成鱼=20048, 未完成盒=1, 未完成盒鱼=21, 成功回流鱼=0, 超限鱼=0, 超时鱼=0, 超时240s鱼=9043, 超时300s鱼=6458, 超时360s鱼=3756, 超时420s鱼=1434, 超时480s鱼=285, 超时540s鱼=14, 超时600s鱼=0, 结果队列=268, 未完成队列=1, 超时队列=20990
